<?xml version="1.0" encoding="UTF-8"?>
<!-- Generated by org.testng.reporters.JUnitXMLReporter -->
<testsuite hostname="INUH101955" ignored="0" name="HelloFresh_Negative_Tests" tests="6" failures="1" timestamp="2020-03-10T18:03:09 IST" time="5.516" errors="0">
  <testcase name="TC05_POST_CreateBookinDuplicateForSameDate" time="0.779" classname="com.hellofresh.test.NegativeTest">
    <failure type="com.hellofresh.utils.TestFailureException" message="Test step failed..">
      <![CDATA[com.hellofresh.utils.TestFailureException: Test step failed..
at com.hellofresh.utils.LoggerUtils.fail(LoggerUtils.java:124)
at com.hellofresh.utils.TestUtils.checkStatusCode(TestUtils.java:47)
at com.hellofresh.test.NegativeTest.TC05_POST_CreateBookinDuplicateForSameDate(NegativeTest.java:32)
at java.util.ArrayList.forEach(Unknown Source)
... Removed 27 stack frames]]>
    </failure>
  </testcase> <!-- TC05_POST_CreateBookinDuplicateForSameDate -->
  <testcase name="TC06_GET_IncorrectUriTest" time="0.895" classname="com.hellofresh.test.NegativeTest"/>
  <testcase name="TC07_POST_CheckinDateGreaterThanCheckoutDate" time="0.719" classname="com.hellofresh.test.NegativeTest"/>
  <testcase name="TC08_POST_CreateBookingWithMissingData" time="1.007" classname="com.hellofresh.test.NegativeTest"/>
  <testcase name="TC08_POST_CreateBookingWithMissingData" time="0.953" classname="com.hellofresh.test.NegativeTest"/>
  <testcase name="TC08_POST_CreateBookingWithMissingData" time="0.956" classname="com.hellofresh.test.NegativeTest"/>
</testsuite> <!-- HelloFresh_Negative_Tests -->
