<?xml version="1.0" encoding="UTF-8"?>
<!-- Generated by org.testng.reporters.JUnitXMLReporter -->
<testsuite hostname="INUH101955" ignored="0" name="HelloFresh_Positive_Tests" tests="3" failures="1" timestamp="2020-03-10T18:03:04 IST" time="5.089" errors="0">
  <testcase name="TC01_GET_GetAllBookingsTest" time="2.002" classname="com.hellofresh.test.DriverTest"/>
  <testcase name="TC02_GET_RetrieveBookingById" time="0.917" classname="com.hellofresh.test.DriverTest"/>
  <testcase name="TC03_POST_CreateBooking" time="0.9" classname="com.hellofresh.test.DriverTest">
    <failure type="com.hellofresh.utils.TestFailureException" message="Test step failed..">
      <![CDATA[com.hellofresh.utils.TestFailureException: Test step failed..
at com.hellofresh.utils.LoggerUtils.fail(LoggerUtils.java:124)
at com.hellofresh.utils.TestUtils.checkStatusCode(TestUtils.java:47)
at com.hellofresh.test.DriverTest.TC03_POST_CreateBooking(DriverTest.java:95)
at java.util.ArrayList.forEach(Unknown Source)
... Removed 27 stack frames]]>
    </failure>
  </testcase> <!-- TC03_POST_CreateBooking -->
</testsuite> <!-- HelloFresh_Positive_Tests -->
